/var/scratch/tkl206/anaconda3/envs/myenv/lib/python3.10/site-packages/transformers/utils/hub.py:105: FutureWarning: Using `TRANSFORMERS_CACHE` is deprecated and will be removed in v5 of Transformers. Use `HF_HOME` instead.
  warnings.warn(
The `batch_size` argument is deprecated and will be removed in the next release. Please use `encode_kwargs = {'batch_size': ...}` to set the batch size instead.

➡️ Running task: DiaBLaBitextMining
─────────────────────────────── Selected tasks  ────────────────────────────────
BitextMining
    - DiaBlaBitextMining, s2s, multilingual 2 / 2 Subsets


Reranking
    - WebLINXCandidatesReranking, p2p
    - WikipediaRerankingMultilingual, s2p, multilingual 11 / 16 Subsets


STS
    - STS17, s2s, multilingual 7 / 11 Subsets
    - STSES, s2s


Encoding 2x5748 sentences:   0%|          | 0/2 [00:00<?, ?it/s]Encoding 2x5748 sentences:  50%|█████     | 1/2 [00:20<00:20, 20.88s/it]Encoding 2x5748 sentences: 100%|██████████| 2/2 [00:39<00:00, 19.32s/it]Encoding 2x5748 sentences: 100%|██████████| 2/2 [00:39<00:00, 19.55s/it]
Matching sentences:   0%|          | 0/1 [00:00<?, ?it/s]Matching sentences: 100%|██████████| 1/1 [00:00<00:00,  1.29it/s]Matching sentences: 100%|██████████| 1/1 [00:00<00:00,  1.29it/s]
Encoding 2x5748 sentences:   0%|          | 0/2 [00:00<?, ?it/s]Encoding 2x5748 sentences:  50%|█████     | 1/2 [00:20<00:20, 20.86s/it]Encoding 2x5748 sentences: 100%|██████████| 2/2 [00:39<00:00, 19.40s/it]Encoding 2x5748 sentences: 100%|██████████| 2/2 [00:39<00:00, 19.62s/it]
Matching sentences:   0%|          | 0/1 [00:00<?, ?it/s]Matching sentences: 100%|██████████| 1/1 [00:00<00:00,  1.20it/s]Matching sentences: 100%|██████████| 1/1 [00:00<00:00,  1.20it/s]
Error while evaluating WebLINXCandidatesReranking: CUDA out of memory. Tried to allocate 3.12 GiB. GPU 0 has a total capacity of 11.91 GiB of which 2.48 GiB is free. Including non-PyTorch memory, this process has 9.43 GiB memory in use. Of the allocated memory 9.23 GiB is allocated by PyTorch, and 86.24 MiB is reserved by PyTorch but unallocated. If reserved but unallocated memory is large try setting PYTORCH_CUDA_ALLOC_CONF=expandable_segments:True to avoid fragmentation.  See documentation for Memory Management  (https://pytorch.org/docs/stable/notes/cuda.html#environment-variables)
The `batch_size` argument is deprecated and will be removed in the next release. Please use `encode_kwargs = {'batch_size': ...}` to set the batch size instead.
❗ CUDA OOM at batch size 64, reducing...
─────────────────────────────── Selected tasks  ────────────────────────────────
Reranking
    - WebLINXCandidatesReranking, p2p
    - WikipediaRerankingMultilingual, s2p, multilingual 11 / 16 Subsets


STS
    - STS17, s2s, multilingual 7 / 11 Subsets
    - STSES, s2s


A total of 188199/316508 duplicate texts were found during encoding. Only encoding unique text and duplicating embeddings across.
slurmstepd-node002: error: *** JOB 28541 ON node002 CANCELLED AT 2025-06-03T10:12:22 DUE TO TIME LIMIT ***
