/var/scratch/tkl206/anaconda3/envs/myenv/lib/python3.10/site-packages/transformers/utils/hub.py:105: FutureWarning: Using `TRANSFORMERS_CACHE` is deprecated and will be removed in v5 of Transformers. Use `HF_HOME` instead.
  warnings.warn(
The `batch_size` argument is deprecated and will be removed in the next release. Please use `encode_kwargs = {'batch_size': ...}` to set the batch size instead.
─────────────────────────────── Selected tasks  ────────────────────────────────
Reranking
    - WikipediaRerankingMultilingual, s2p, multilingual 11 / 16 Subsets


A total of 5/13500 duplicate texts were found during encoding. Only encoding unique text and duplicating embeddings across.
A total of 20/13500 duplicate texts were found during encoding. Only encoding unique text and duplicating embeddings across.
A total of 29/13500 duplicate texts were found during encoding. Only encoding unique text and duplicating embeddings across.
A total of 0/13500 duplicate texts were found during encoding. Only encoding unique text and duplicating embeddings across.
A total of 0/13500 duplicate texts were found during encoding. Only encoding unique text and duplicating embeddings across.
A total of 32/13500 duplicate texts were found during encoding. Only encoding unique text and duplicating embeddings across.
A total of 7/13500 duplicate texts were found during encoding. Only encoding unique text and duplicating embeddings across.
A total of 18/13500 duplicate texts were found during encoding. Only encoding unique text and duplicating embeddings across.
A total of 11/13500 duplicate texts were found during encoding. Only encoding unique text and duplicating embeddings across.
A total of 34/13500 duplicate texts were found during encoding. Only encoding unique text and duplicating embeddings across.
A total of 1/13500 duplicate texts were found during encoding. Only encoding unique text and duplicating embeddings across.
Traceback (most recent call last):
  File "/home/tkl206/rag-structure-comparison/MultiLingual/template/python_tasks/WikipediaRerankingMultilingual___BAAI_bge_m3.py", line 29, in <module>
    for task_name, subsets in result.items():
AttributeError: 'list' object has no attribute 'items'
